<?xml version="1.0" encoding="UTF-8"?>
<!-- Generated by org.testng.reporters.JUnitXMLReporter -->
<testsuite hostname="Praveen" name="Test" tests="6" failures="0" timestamp="15 Nov 2022 19:19:42 GMT" time="3.98" errors="0">
  <testcase name="test_01" time="2.603" classname="Rest_Test.Test01_Get"/>
  <testcase name="test_01" time="2.603" classname="Rest_Test.Test01_Get"/>
  <testcase name="GetWeatherDetailsCondensed" time="1.005" classname="Rest_Test.Get_Data"/>
  <testcase name="GetWeatherDetailsCondensed" time="1.005" classname="Rest_Test.Get_Data"/>
  <testcase name="testResponsecode" time="0.32" classname="Rest_Test.Get_Data"/>
  <testcase name="testResponsecode" time="0.32" classname="Rest_Test.Get_Data"/>
</testsuite> <!-- Test -->
