<?xml version="1.0" encoding="UTF-8"?>
<testng-results skipped="0" failed="0" ignored="0" total="1" passed="1">
  <reporter-output>
  </reporter-output>
  <suite name="Default suite" duration-ms="2415" started-at="2023-01-26T15:11:01 IST" finished-at="2023-01-26T15:11:03 IST">
    <groups>
    </groups>
    <test name="Default test" duration-ms="2415" started-at="2023-01-26T15:11:01 IST" finished-at="2023-01-26T15:11:03 IST">
      <class name="Session4.ParsingJSONResponseData">
        <test-method status="PASS" signature="TestJsonResponse()[pri:1, instance:Session4.ParsingJSONResponseData@23fe1d71]" name="TestJsonResponse" duration-ms="2360" started-at="2023-01-26T15:11:01 IST" finished-at="2023-01-26T15:11:03 IST">
          <reporter-output>
          </reporter-output>
        </test-method> <!-- TestJsonResponse -->
      </class> <!-- Session4.ParsingJSONResponseData -->
    </test> <!-- Default test -->
  </suite> <!-- Default suite -->
</testng-results>
